<?xml version="1.0" encoding="UTF-8"?>
<!-- Generated by org.testng.reporters.JUnitReportReporter -->
<testsuite hostname="DJ-PC" name="Scenario_shift.Scenario_create" tests="3" failures="0" timestamp="11 Dec 2015 09:55:51 GMT" time="64.503" errors="0">
  <testcase name="test_Invalidinvoice" time="20.349" classname="Scenario_shift.Scenario_create"/>
  <testcase name="test_Validcriti" time="24.349" classname="Scenario_shift.Scenario_create"/>
  <testcase name="test_Invalidcriti_blnk" time="19.805" classname="Scenario_shift.Scenario_create"/>
</testsuite> <!-- Scenario_shift.Scenario_create -->
