<?xml version="1.0" encoding="UTF-8"?>
<!-- Generated by org.testng.reporters.JUnitReportReporter -->
<testsuite hostname="DJ-PC" name="Scenario_Asset_class.Scenario_create" tests="4" failures="0" timestamp="28 Dec 2015 10:38:58 GMT" time="75.624" errors="0">
  <testcase name="Invalid_acc_class_test_blnk" time="19.492" classname="Scenario_Asset_class.Scenario_create"/>
  <testcase name="Valid_asset_test" time="20.293" classname="Scenario_Asset_class.Scenario_create"/>
  <testcase name="Invalid_asset_class_test_blnk" time="18.267" classname="Scenario_Asset_class.Scenario_create"/>
  <testcase name="Invalid_same_asset_class_test" time="17.572" classname="Scenario_Asset_class.Scenario_create"/>
</testsuite> <!-- Scenario_Asset_class.Scenario_create -->
