<?xml version="1.0" encoding="UTF-8"?>
<!-- Generated by org.testng.reporters.JUnitReportReporter -->
<testsuite hostname="DJ-PC" name="Scenario_Employ_skill.Scenario_del" tests="3" failures="0" timestamp="11 Dec 2015 09:55:51 GMT" time="51.888" errors="0">
  <testcase name="test_Invalid_delskill_desig_blnk" time="15.651" classname="Scenario_Employ_skill.Scenario_del"/>
  <testcase name="test_valid_mul_del" time="19.503" classname="Scenario_Employ_skill.Scenario_del"/>
  <testcase name="test_valid_frstskill_desig_del" time="16.734" classname="Scenario_Employ_skill.Scenario_del"/>
</testsuite> <!-- Scenario_Employ_skill.Scenario_del -->
