<?xml version="1.0" encoding="UTF-8"?>
<!-- Generated by org.testng.reporters.JUnitReportReporter -->
<testsuite hostname="DJ-PC" name="Scenario_invoice.Scenario_create" tests="3" failures="0" timestamp="11 Dec 2015 09:55:51 GMT" time="50.697" errors="0">
  <testcase name="test_Invalidinvoice" time="15.019" classname="Scenario_invoice.Scenario_create"/>
  <testcase name="test_Validcriti" time="19.535" classname="Scenario_invoice.Scenario_create"/>
  <testcase name="test_Invalidcriti_blnk" time="16.143" classname="Scenario_invoice.Scenario_create"/>
</testsuite> <!-- Scenario_invoice.Scenario_create -->
