<?xml version="1.0" encoding="UTF-8"?>
<!-- Generated by org.testng.reporters.JUnitReportReporter -->
<testsuite hostname="DJ-PC" name="Scenario_city.Scenario_edit1" tests="3" failures="0" timestamp="11 Dec 2015 09:55:51 GMT" time="50.220" errors="0">
  <testcase name="test_Validcriti" time="17.397" classname="Scenario_city.Scenario_edit1"/>
  <testcase name="test_Invalidcriti" time="16.105" classname="Scenario_city.Scenario_edit1"/>
  <testcase name="test_Invalidcriti_blnk" time="16.718" classname="Scenario_city.Scenario_edit1"/>
</testsuite> <!-- Scenario_city.Scenario_edit1 -->
