<?xml version="1.0" encoding="UTF-8"?>
<!-- Generated by org.testng.reporters.JUnitReportReporter -->
<testsuite hostname="DJ-PC" name="Scenario_criticality.Scenario_create" tests="3" failures="0" timestamp="11 Dec 2015 09:55:51 GMT" time="46.338" errors="0">
  <testcase name="test_Invalidcriti_blnk" time="14.114" classname="Scenario_criticality.Scenario_create"/>
  <testcase name="test_Validcriti" time="18.492" classname="Scenario_criticality.Scenario_create"/>
  <testcase name="test_Invalidcurr" time="13.732" classname="Scenario_criticality.Scenario_create"/>
</testsuite> <!-- Scenario_criticality.Scenario_create -->
