<?xml version="1.0" encoding="UTF-8"?>
<!-- Generated by org.testng.reporters.JUnitReportReporter -->
<testsuite hostname="DJ-PC" name="Scenario_currency.Scenario_del" tests="3" failures="0" timestamp="21 Jan 2016 07:13:57 GMT" time="47.642" errors="0">
  <testcase name="test_valid_frstcurr_del" time="13.984" classname="Scenario_currency.Scenario_del"/>
  <testcase name="test_Invalid_editcurr_blnk" time="17.295" classname="Scenario_currency.Scenario_del"/>
  <testcase name="test_valid_mul_del" time="16.363" classname="Scenario_currency.Scenario_del"/>
</testsuite> <!-- Scenario_currency.Scenario_del -->
