<?xml version="1.0" encoding="UTF-8"?>
<!-- Generated by org.testng.reporters.JUnitReportReporter -->
<testsuite hostname="DJ-PC" name="Scenario_Employ_certi.Scenario_edit" tests="3" failures="0" timestamp="11 Dec 2015 09:55:51 GMT" time="57.370" errors="0">
  <testcase name="test_Invalidcerti_blnk" time="16.411" classname="Scenario_Employ_certi.Scenario_edit"/>
  <testcase name="test_Validcerti" time="22.531" classname="Scenario_Employ_certi.Scenario_edit"/>
  <testcase name="test_Invalidcerti" time="18.428" classname="Scenario_Employ_certi.Scenario_edit"/>
</testsuite> <!-- Scenario_Employ_certi.Scenario_edit -->
