<?xml version="1.0" encoding="UTF-8"?>
<!-- Generated by org.testng.reporters.JUnitReportReporter -->
<testsuite hostname="DJ-PC" name="Scenario_component.Scenario_curr" tests="3" failures="0" timestamp="16 Nov 2015 10:01:14 GMT" time="71.077" errors="0">
  <testcase name="test_Invalidcurr" time="29.203" classname="Scenario_component.Scenario_curr"/>
  <testcase name="test_Validcurr" time="21.887" classname="Scenario_component.Scenario_curr"/>
  <testcase name="test_Invalidcurr_blnk" time="19.987" classname="Scenario_component.Scenario_curr"/>
</testsuite> <!-- Scenario_component.Scenario_curr -->
