<?xml version="1.0" encoding="UTF-8"?>
<!-- Generated by org.testng.reporters.JUnitReportReporter -->
<testsuite hostname="DJ-PC" name="Scenario_Employ_grade.Scenario_edit" tests="5" failures="0" timestamp="11 Dec 2015 09:55:51 GMT" time="87.564" errors="0">
  <testcase name="Valid_region_test" time="20.303" classname="Scenario_Employ_grade.Scenario_edit"/>
  <testcase name="test_Validcriti" time="16.780" classname="Scenario_Employ_grade.Scenario_edit"/>
  <testcase name="Invalid_desigcode_test_blnk" time="17.135" classname="Scenario_Employ_grade.Scenario_edit"/>
  <testcase name="Invalid_desigcode_test" time="17.574" classname="Scenario_Employ_grade.Scenario_edit"/>
  <testcase name="Invalid_designame_test" time="15.772" classname="Scenario_Employ_grade.Scenario_edit"/>
</testsuite> <!-- Scenario_Employ_grade.Scenario_edit -->
