<?xml version="1.0" encoding="UTF-8"?>
<!-- Generated by org.testng.reporters.JUnitReportReporter -->
<testsuite hostname="DJ-PC" name="Scenario_loc_loclist.Scenario_del" tests="3" failures="0" timestamp="22 Dec 2015 11:29:54 GMT" time="53.582" errors="0">
  <testcase name="valid_frst_loc_del" time="16.557" classname="Scenario_loc_loclist.Scenario_del"/>
  <testcase name="test_Invalid_delregion_blnk" time="14.945" classname="Scenario_loc_loclist.Scenario_del"/>
  <testcase name="Valid_mul_loc_del" time="22.080" classname="Scenario_loc_loclist.Scenario_del"/>
</testsuite> <!-- Scenario_loc_loclist.Scenario_del -->
