<?xml version="1.0" encoding="UTF-8"?>
<!-- Generated by org.testng.reporters.JUnitReportReporter -->
<testsuite hostname="DJ-PC" name="Scenario_category.Scenario_del" tests="3" failures="0" timestamp="11 Dec 2015 09:55:51 GMT" time="45.997" errors="0">
  <testcase name="test_valid_mul_del" time="17.377" classname="Scenario_category.Scenario_del"/>
  <testcase name="test_valid_frstflag_del" time="14.365" classname="Scenario_category.Scenario_del"/>
  <testcase name="test_Invalid_delflag_blnk" time="14.255" classname="Scenario_category.Scenario_del"/>
</testsuite> <!-- Scenario_category.Scenario_del -->
