<?xml version="1.0" encoding="UTF-8"?>
<!-- Generated by org.testng.reporters.JUnitReportReporter -->
<testsuite hostname="DJ-PC" name="Scenario_branch.Scenario_edit" tests="5" failures="0" timestamp="11 Dec 2015 09:55:51 GMT" time="102.140" errors="0">
  <testcase name="Invalid_brnchname_test_blnk" time="19.508" classname="Scenario_branch.Scenario_edit"/>
  <testcase name="Invalid_brnchcode_test_blnk" time="20.115" classname="Scenario_branch.Scenario_edit"/>
  <testcase name="Invalid_locatncode_test_blnk" time="19.890" classname="Scenario_branch.Scenario_edit"/>
  <testcase name="Valid_brnch_test" time="22.797" classname="Scenario_branch.Scenario_edit"/>
  <testcase name="Invalid_same_brnchname_test" time="19.830" classname="Scenario_branch.Scenario_edit"/>
</testsuite> <!-- Scenario_branch.Scenario_edit -->
