<?xml version="1.0" encoding="UTF-8"?>
<!-- Generated by org.testng.reporters.JUnitReportReporter -->
<testsuite hostname="DJ-PC" name="Scenario_item_cat.Scenario_del" tests="3" failures="0" timestamp="14 Jan 2016 05:36:02 GMT" time="52.766" errors="0">
  <testcase name="Invalid_delete_blnk" time="16.533" classname="Scenario_item_cat.Scenario_del"/>
  <testcase name="Valid_first_item_cat_delete" time="18.506" classname="Scenario_item_cat.Scenario_del"/>
  <testcase name="Valid_mul_item_cat_del" time="17.727" classname="Scenario_item_cat.Scenario_del"/>
</testsuite> <!-- Scenario_item_cat.Scenario_del -->
