<?xml version="1.0" encoding="UTF-8"?>
<!-- Generated by org.testng.reporters.JUnitReportReporter -->
<testsuite hostname="DJ-PC" name="Scenario_loc_loclist.Scenario_create" tests="5" failures="0" timestamp="22 Dec 2015 05:13:01 GMT" time="89.724" errors="0">
  <testcase name="Valid_loc_test" time="20.607" classname="Scenario_loc_loclist.Scenario_create"/>
  <testcase name="Invalid_locname_test_blnk" time="17.703" classname="Scenario_loc_loclist.Scenario_create"/>
  <testcase name="Invalid_loctype_test" time="14.258" classname="Scenario_loc_loclist.Scenario_create"/>
  <testcase name="Invalid_loctype_test_blnk" time="17.908" classname="Scenario_loc_loclist.Scenario_create"/>
  <testcase name="Invalid_same_locname_test" time="19.248" classname="Scenario_loc_loclist.Scenario_create"/>
</testsuite> <!-- Scenario_loc_loclist.Scenario_create -->
