<?xml version="1.0" encoding="UTF-8"?>
<!-- Generated by org.testng.reporters.JUnitReportReporter -->
<testsuite hostname="DJ-PC" name="Scenario_Employ_certi.Scenario_create" tests="3" failures="0" timestamp="11 Dec 2015 09:55:51 GMT" time="52.765" errors="0">
  <testcase name="test_Invalidcerti_blnk" time="15.605" classname="Scenario_Employ_certi.Scenario_create"/>
  <testcase name="test_Invalidcerti" time="16.721" classname="Scenario_Employ_certi.Scenario_create"/>
  <testcase name="test_Validcerti" time="20.439" classname="Scenario_Employ_certi.Scenario_create"/>
</testsuite> <!-- Scenario_Employ_certi.Scenario_create -->
