<?xml version="1.0" encoding="UTF-8"?>
<!-- Generated by org.testng.reporters.JUnitReportReporter -->
<testsuite hostname="DJ-PC" name="Scenario_country.Scenario_create" tests="3" failures="0" timestamp="5 Jan 2016 05:37:28 GMT" time="53.927" errors="0">
  <testcase name="test_Invalidcriti_blnk" time="17.965" classname="Scenario_country.Scenario_create"/>
  <testcase name="test_Validcriti" time="19.062" classname="Scenario_country.Scenario_create"/>
  <testcase name="test_Invalidinvoice" time="16.900" classname="Scenario_country.Scenario_create"/>
</testsuite> <!-- Scenario_country.Scenario_create -->
