<?xml version="1.0" encoding="UTF-8"?>
<!-- Generated by org.testng.reporters.JUnitReportReporter -->
<testsuite hostname="DJ-PC" name="Scenario_CP_Role.Scenario_edit" tests="2" failures="0" timestamp="15 Dec 2015 07:16:22 GMT" time="36.432" errors="0">
  <testcase name="Valid_role_test" time="21.284" classname="Scenario_CP_Role.Scenario_edit"/>
  <testcase name="test_Validrole" time="15.148" classname="Scenario_CP_Role.Scenario_edit"/>
</testsuite> <!-- Scenario_CP_Role.Scenario_edit -->
