<?xml version="1.0" encoding="UTF-8"?>
<!-- Generated by org.testng.reporters.JUnitReportReporter -->
<testsuite hostname="DJ-PC" name="Scenario_contractor.Scenario_create" tests="3" failures="0" timestamp="11 Dec 2015 09:55:51 GMT" time="60.476" errors="0">
  <testcase name="test_Invalidcriti_blnk" time="15.624" classname="Scenario_contractor.Scenario_create"/>
  <testcase name="test_Validcriti" time="29.154" classname="Scenario_contractor.Scenario_create"/>
  <testcase name="test_Invalidinvoice" time="15.698" classname="Scenario_contractor.Scenario_create"/>
</testsuite> <!-- Scenario_contractor.Scenario_create -->
