<?xml version="1.0" encoding="UTF-8"?>
<!-- Generated by org.testng.reporters.JUnitReportReporter -->
<testsuite hostname="DJ-PC" name="Scenario_supplier.Scenario_create" tests="3" failures="0" timestamp="14 Jan 2016 11:45:49 GMT" time="59.635" errors="0">
  <testcase name="Invalid_same_supplier_name_test" time="17.947" classname="Scenario_supplier.Scenario_create"/>
  <testcase name="Invalid_supplier_name_test_blnk" time="16.809" classname="Scenario_supplier.Scenario_create"/>
  <testcase name="Valid_supplier_test" time="24.879" classname="Scenario_supplier.Scenario_create"/>
</testsuite> <!-- Scenario_supplier.Scenario_create -->
