<?xml version="1.0" encoding="UTF-8"?>
<!-- Generated by org.testng.reporters.JUnitReportReporter -->
<testsuite hostname="DJ-PC" name="Scenario_city.Scenario_city" tests="3" failures="0" timestamp="11 Dec 2015 09:55:51 GMT" time="48.725" errors="0">
  <testcase name="test_Validcurr" time="17.809" classname="Scenario_city.Scenario_city"/>
  <testcase name="test_Invalidcurr_blnk" time="14.701" classname="Scenario_city.Scenario_city"/>
  <testcase name="test_Invalidcurr" time="16.215" classname="Scenario_city.Scenario_city"/>
</testsuite> <!-- Scenario_city.Scenario_city -->
