<?xml version="1.0" encoding="UTF-8"?>
<!-- Generated by org.testng.reporters.JUnitReportReporter -->
<testsuite hostname="DJ-PC" name="Scenario_component.Scenario_Search" tests="4" failures="0" timestamp="3 Nov 2015 12:11:15 GMT" time="62.497" errors="0">
  <testcase name="testValidSearch" time="14.501" classname="Scenario_component.Scenario_Search"/>
  <testcase name="testValidSearch" time="17.898" classname="Scenario_component.Scenario_Search"/>
  <testcase name="testValidSearch" time="14.418" classname="Scenario_component.Scenario_Search"/>
  <testcase name="testInvalidSearch" time="15.680" classname="Scenario_component.Scenario_Search"/>
</testsuite> <!-- Scenario_component.Scenario_Search -->
