<?xml version="1.0" encoding="UTF-8"?>
<!-- Generated by org.testng.reporters.JUnitReportReporter -->
<testsuite hostname="DJ-PC" name="Scenario_Role_config.Scenario_edit" tests="1" failures="0" timestamp="18 Dec 2015 07:48:13 GMT" time="22.811" errors="0">
  <testcase name="Valid_config_role_test" time="22.811" classname="Scenario_Role_config.Scenario_edit"/>
</testsuite> <!-- Scenario_Role_config.Scenario_edit -->
