<?xml version="1.0" encoding="UTF-8"?>
<!-- Generated by org.testng.reporters.JUnitReportReporter -->
<testsuite hostname="DJ-PC" name="Scenario_region.Scenario_del" tests="3" failures="0" timestamp="11 Dec 2015 09:55:51 GMT" time="46.360" errors="0">
  <testcase name="test_Invalid_delregion_blnk" time="14.466" classname="Scenario_region.Scenario_del"/>
  <testcase name="test_valid_frstregion_del" time="14.469" classname="Scenario_region.Scenario_del"/>
  <testcase name="test_valid_mul_del" time="17.425" classname="Scenario_region.Scenario_del"/>
</testsuite> <!-- Scenario_region.Scenario_del -->
