<?xml version="1.0" encoding="UTF-8"?>
<!-- Generated by org.testng.reporters.JUnitReportReporter -->
<testsuite hostname="DJ-PC" name="Scenario_loc_loclist.Scenario_edit" tests="1" failures="0" timestamp="28 Dec 2015 12:27:04 GMT" time="21.931" errors="0">
  <testcase name="Invalid_same_locname_test" time="21.931" classname="Scenario_loc_loclist.Scenario_edit"/>
</testsuite> <!-- Scenario_loc_loclist.Scenario_edit -->
