<?xml version="1.0" encoding="UTF-8"?>
<!-- Generated by org.testng.reporters.JUnitReportReporter -->
<testsuite hostname="DJ-PC" name="Scenario_Employ_depart.Scenario_create" tests="3" failures="0" timestamp="11 Dec 2015 09:55:51 GMT" time="58.470" errors="0">
  <testcase name="test_Validdepart" time="16.925" classname="Scenario_Employ_depart.Scenario_create"/>
  <testcase name="Valid_depart_test" time="24.411" classname="Scenario_Employ_depart.Scenario_create"/>
  <testcase name="Invalid_departname_test" time="17.134" classname="Scenario_Employ_depart.Scenario_create"/>
</testsuite> <!-- Scenario_Employ_depart.Scenario_create -->
