<?xml version="1.0" encoding="UTF-8"?>
<!-- Generated by org.testng.reporters.JUnitReportReporter -->
<testsuite hostname="DJ-PC" name="Scenario_state.Scenario_del" tests="3" failures="0" timestamp="11 Dec 2015 09:55:51 GMT" time="50.285" errors="0">
  <testcase name="test_Invalid_delinvoice_blnk" time="16.170" classname="Scenario_state.Scenario_del"/>
  <testcase name="test_valid_mul_del" time="17.989" classname="Scenario_state.Scenario_del"/>
  <testcase name="test_valid_frstinvoice_del" time="16.126" classname="Scenario_state.Scenario_del"/>
</testsuite> <!-- Scenario_state.Scenario_del -->
