<?xml version="1.0" encoding="UTF-8"?>
<!-- Generated by org.testng.reporters.JUnitReportReporter -->
<testsuite hostname="DJ-PC" name="Scenario_asset_status.Scenario_edit" tests="3" failures="0" timestamp="14 Jan 2016 07:15:02 GMT" time="56.900" errors="0">
  <testcase name="Invalid_edit" time="18.802" classname="Scenario_asset_status.Scenario_edit"/>
  <testcase name="Valid_edit" time="21.953" classname="Scenario_asset_status.Scenario_edit"/>
  <testcase name="Invalid_edit_blnk" time="16.145" classname="Scenario_asset_status.Scenario_edit"/>
</testsuite> <!-- Scenario_asset_status.Scenario_edit -->
