<?xml version="1.0" encoding="UTF-8"?>
<!-- Generated by org.testng.reporters.JUnitReportReporter -->
<testsuite hostname="DJ-PC" name="Scenario_item_cat.Scenario_create" tests="1" failures="0" timestamp="11 Jan 2016 11:12:17 GMT" time="22.145" errors="0">
  <testcase name="Valid_item_cat_test" time="22.145" classname="Scenario_item_cat.Scenario_create"/>
</testsuite> <!-- Scenario_item_cat.Scenario_create -->
