<?xml version="1.0" encoding="UTF-8"?>
<!-- Generated by org.testng.reporters.JUnitReportReporter -->
<testsuite hostname="DJ-PC" name="Scenario_Employ_desig.Scenario_edit" tests="5" failures="0" timestamp="11 Dec 2015 09:55:51 GMT" time="83.183" errors="0">
  <testcase name="Invalid_desigcode_test" time="16.141" classname="Scenario_Employ_desig.Scenario_edit"/>
  <testcase name="Invalid_designame_test" time="15.368" classname="Scenario_Employ_desig.Scenario_edit"/>
  <testcase name="test_Validcriti" time="15.522" classname="Scenario_Employ_desig.Scenario_edit"/>
  <testcase name="Valid_region_test" time="20.391" classname="Scenario_Employ_desig.Scenario_edit"/>
  <testcase name="Invalid_desigcode_test_blnk" time="15.761" classname="Scenario_Employ_desig.Scenario_edit"/>
</testsuite> <!-- Scenario_Employ_desig.Scenario_edit -->
