<?xml version="1.0" encoding="UTF-8"?>
<!-- Generated by org.testng.reporters.JUnitReportReporter -->
<testsuite hostname="DJ-PC" name="Scenario_currency.Scenario_edit_curr" tests="3" failures="0" timestamp="11 Dec 2015 09:55:51 GMT" time="45.750" errors="0">
  <testcase name="test_Invalid_editcurr_blnk" time="13.671" classname="Scenario_currency.Scenario_edit_curr"/>
  <testcase name="test_Invalideditcurr" time="15.062" classname="Scenario_currency.Scenario_edit_curr"/>
  <testcase name="test_Validedit_curr" time="17.017" classname="Scenario_currency.Scenario_edit_curr"/>
</testsuite> <!-- Scenario_currency.Scenario_edit_curr -->
