<?xml version="1.0" encoding="UTF-8"?>
<!-- Generated by org.testng.reporters.JUnitReportReporter -->
<testsuite hostname="DJ-PC" name="Scenario_criticality.Scenario_del" tests="2" failures="0" timestamp="11 Dec 2015 09:55:51 GMT" time="30.254" errors="0">
  <testcase name="test_Invalid_editcurr_blnk" time="13.849" classname="Scenario_criticality.Scenario_del"/>
  <testcase name="test_valid_mul_del" time="16.405" classname="Scenario_criticality.Scenario_del"/>
</testsuite> <!-- Scenario_criticality.Scenario_del -->
