<?xml version="1.0" encoding="UTF-8"?>
<!-- Generated by org.testng.reporters.JUnitReportReporter -->
<testsuite hostname="DJ-PC" name="Scenario_Asset_class.Scenario_edit" tests="4" failures="0" timestamp="28 Dec 2015 11:46:09 GMT" time="74.728" errors="0">
  <testcase name="Invalid_acc_class_test_blnk" time="18.524" classname="Scenario_Asset_class.Scenario_edit"/>
  <testcase name="Valid_asset_test" time="20.097" classname="Scenario_Asset_class.Scenario_edit"/>
  <testcase name="Invalid_same_asset_class_test" time="18.340" classname="Scenario_Asset_class.Scenario_edit"/>
  <testcase name="Invalid_asset_class_test_blnk" time="17.767" classname="Scenario_Asset_class.Scenario_edit"/>
</testsuite> <!-- Scenario_Asset_class.Scenario_edit -->
