<?xml version="1.0" encoding="UTF-8"?>
<!-- Generated by org.testng.reporters.JUnitReportReporter -->
<testsuite hostname="DJ-PC" name="Scenario_zone.Scenario_del" tests="3" failures="0" timestamp="11 Dec 2015 09:55:51 GMT" time="51.885" errors="0">
  <testcase name="test_valid_mul_del" time="18.848" classname="Scenario_zone.Scenario_del"/>
  <testcase name="test_Invalid_delzone_blnk" time="15.092" classname="Scenario_zone.Scenario_del"/>
  <testcase name="test_valid_frstzone_del" time="17.945" classname="Scenario_zone.Scenario_del"/>
</testsuite> <!-- Scenario_zone.Scenario_del -->
