<?xml version="1.0" encoding="UTF-8"?>
<!-- Generated by org.testng.reporters.JUnitReportReporter -->
<testsuite hostname="DJ-PC" name="Scenario_state.Scenario_create" tests="3" failures="0" timestamp="11 Dec 2015 09:55:51 GMT" time="50.847" errors="0">
  <testcase name="test_Validcriti" time="19.770" classname="Scenario_state.Scenario_create"/>
  <testcase name="test_Invalidinvoice" time="15.415" classname="Scenario_state.Scenario_create"/>
  <testcase name="test_Invalidcriti_blnk" time="15.662" classname="Scenario_state.Scenario_create"/>
</testsuite> <!-- Scenario_state.Scenario_create -->
