<?xml version="1.0" encoding="UTF-8"?>
<!-- Generated by org.testng.reporters.JUnitReportReporter -->
<testsuite hostname="DJ-PC" name="Scenario_shift.Scenario_edit" tests="3" failures="0" timestamp="11 Dec 2015 09:55:51 GMT" time="67.459" errors="0">
  <testcase name="test_Invalidcriti" time="21.867" classname="Scenario_shift.Scenario_edit"/>
  <testcase name="test_Validcriti" time="25.056" classname="Scenario_shift.Scenario_edit"/>
  <testcase name="test_Invalidcriti_blnk" time="20.536" classname="Scenario_shift.Scenario_edit"/>
</testsuite> <!-- Scenario_shift.Scenario_edit -->
