<?xml version="1.0" encoding="UTF-8"?>
<!-- Generated by org.testng.reporters.JUnitReportReporter -->
<testsuite hostname="DJ-PC" name="Scenario_Employ_skill.Scenario_edit" tests="3" failures="0" timestamp="11 Dec 2015 09:55:51 GMT" time="53.941" errors="0">
  <testcase name="test_Validskill" time="21.109" classname="Scenario_Employ_skill.Scenario_edit"/>
  <testcase name="test_Invalidskill" time="16.912" classname="Scenario_Employ_skill.Scenario_edit"/>
  <testcase name="test_Invalidskill_blnk" time="15.920" classname="Scenario_Employ_skill.Scenario_edit"/>
</testsuite> <!-- Scenario_Employ_skill.Scenario_edit -->
