<?xml version="1.0" encoding="UTF-8"?>
<!-- Generated by org.testng.reporters.JUnitReportReporter -->
<testsuite hostname="DJ-PC" name="Scenario_flag.Scenario_create" tests="3" failures="0" timestamp="11 Dec 2015 09:55:51 GMT" time="53.337" errors="0">
  <testcase name="test_Invalidcriti_blnk" time="16.628" classname="Scenario_flag.Scenario_create"/>
  <testcase name="test_Validcriti" time="20.445" classname="Scenario_flag.Scenario_create"/>
  <testcase name="test_Invalidinvoice" time="16.264" classname="Scenario_flag.Scenario_create"/>
</testsuite> <!-- Scenario_flag.Scenario_create -->
