<?xml version="1.0" encoding="UTF-8"?>
<!-- Generated by org.testng.reporters.JUnitReportReporter -->
<testsuite hostname="DJ-PC" name="Scenario_category.Scenario_edit" tests="3" failures="0" timestamp="11 Dec 2015 09:55:51 GMT" time="50.802" errors="0">
  <testcase name="test_Invalidcriti" time="15.691" classname="Scenario_category.Scenario_edit"/>
  <testcase name="test_Validcriti" time="19.637" classname="Scenario_category.Scenario_edit"/>
  <testcase name="test_Invalidcriti_blnk" time="15.474" classname="Scenario_category.Scenario_edit"/>
</testsuite> <!-- Scenario_category.Scenario_edit -->
