<?xml version="1.0" encoding="UTF-8"?>
<!-- Generated by org.testng.reporters.JUnitReportReporter -->
<testsuite hostname="DJ-PC" name="Scenario_region.Scenario_edit" tests="3" failures="0" timestamp="11 Dec 2015 09:55:51 GMT" time="58.006" errors="0">
  <testcase name="test_Validcriti" time="21.361" classname="Scenario_region.Scenario_edit"/>
  <testcase name="test_Invalidcriti_blnk" time="17.884" classname="Scenario_region.Scenario_edit"/>
  <testcase name="test_Invalidcriti" time="18.761" classname="Scenario_region.Scenario_edit"/>
</testsuite> <!-- Scenario_region.Scenario_edit -->
