<?xml version="1.0" encoding="UTF-8"?>
<!-- Generated by org.testng.reporters.JUnitReportReporter -->
<testsuite hostname="DJ-PC" name="Scenario_zone.Scenario_edit" tests="3" failures="0" timestamp="11 Dec 2015 09:55:51 GMT" time="53.677" errors="0">
  <testcase name="test_Invalidcriti_blnk" time="15.569" classname="Scenario_zone.Scenario_edit"/>
  <testcase name="test_Validcriti" time="20.774" classname="Scenario_zone.Scenario_edit"/>
  <testcase name="test_Invalidcriti" time="17.334" classname="Scenario_zone.Scenario_edit"/>
</testsuite> <!-- Scenario_zone.Scenario_edit -->
