<?xml version="1.0" encoding="UTF-8"?>
<!-- Generated by org.testng.reporters.JUnitReportReporter -->
<testsuite hostname="DJ-PC" name="Scenario_Employ_qual.Scenario_del" tests="3" failures="0" timestamp="11 Dec 2015 09:55:51 GMT" time="52.491" errors="0">
  <testcase name="test_valid_mul_del" time="20.296" classname="Scenario_Employ_qual.Scenario_del"/>
  <testcase name="test_Invalid_delemploy_qual_blnk" time="15.109" classname="Scenario_Employ_qual.Scenario_del"/>
  <testcase name="test_valid_frstemploy_qual_del" time="17.086" classname="Scenario_Employ_qual.Scenario_del"/>
</testsuite> <!-- Scenario_Employ_qual.Scenario_del -->
