<?xml version="1.0" encoding="UTF-8"?>
<!-- Generated by org.testng.reporters.JUnitReportReporter -->
<testsuite hostname="DJ-PC" name="Scenario_flag.Scenario_edit" tests="3" failures="0" timestamp="11 Dec 2015 09:55:51 GMT" time="53.530" errors="0">
  <testcase name="test_Validcriti" time="20.781" classname="Scenario_flag.Scenario_edit"/>
  <testcase name="test_Invalidcriti" time="16.767" classname="Scenario_flag.Scenario_edit"/>
  <testcase name="test_Invalidcriti_blnk" time="15.982" classname="Scenario_flag.Scenario_edit"/>
</testsuite> <!-- Scenario_flag.Scenario_edit -->
