<?xml version="1.0" encoding="UTF-8"?>
<!-- Generated by org.testng.reporters.JUnitReportReporter -->
<testsuite hostname="DJ-PC" name="Scenario_Employ_skill.Scenario_create" tests="3" failures="0" timestamp="11 Dec 2015 09:55:51 GMT" time="52.056" errors="0">
  <testcase name="test_Invalidskill" time="15.851" classname="Scenario_Employ_skill.Scenario_create"/>
  <testcase name="test_Invalidskill_blnk" time="15.811" classname="Scenario_Employ_skill.Scenario_create"/>
  <testcase name="test_Validskill" time="20.394" classname="Scenario_Employ_skill.Scenario_create"/>
</testsuite> <!-- Scenario_Employ_skill.Scenario_create -->
