<?xml version="1.0" encoding="UTF-8"?>
<!-- Generated by org.testng.reporters.JUnitReportReporter -->
<testsuite hostname="DJ-PC" name="Scenario_employee.Scenario_del" tests="3" failures="0" timestamp="11 Dec 2015 09:55:51 GMT" time="48.475" errors="0">
  <testcase name="test_valid_frstcountry_del" time="15.137" classname="Scenario_employee.Scenario_del"/>
  <testcase name="test_valid_mul_del" time="17.723" classname="Scenario_employee.Scenario_del"/>
  <testcase name="dp_Invaliddel_blnk" time="15.615" classname="Scenario_employee.Scenario_del"/>
</testsuite> <!-- Scenario_employee.Scenario_del -->
