<?xml version="1.0" encoding="UTF-8"?>
<!-- Generated by org.testng.reporters.JUnitReportReporter -->
<testsuite hostname="DJ-PC" name="Scenario_state.Scenario_edit" tests="3" failures="0" timestamp="11 Dec 2015 09:55:51 GMT" time="51.662" errors="0">
  <testcase name="test_Invalidcriti" time="16.271" classname="Scenario_state.Scenario_edit"/>
  <testcase name="test_Validcriti" time="19.803" classname="Scenario_state.Scenario_edit"/>
  <testcase name="test_Invalidcriti_blnk" time="15.588" classname="Scenario_state.Scenario_edit"/>
</testsuite> <!-- Scenario_state.Scenario_edit -->
