<?xml version="1.0" encoding="UTF-8"?>
<!-- Generated by org.testng.reporters.JUnitReportReporter -->
<testsuite hostname="DJ-PC" name="Scenario_country.Scenario_edit" tests="3" failures="0" timestamp="11 Dec 2015 09:55:51 GMT" time="50.302" errors="0">
  <testcase name="test_Invalidcriti_blnk" time="15.231" classname="Scenario_country.Scenario_edit"/>
  <testcase name="test_Validcriti" time="18.858" classname="Scenario_country.Scenario_edit"/>
  <testcase name="test_Invalidcriti" time="16.213" classname="Scenario_country.Scenario_edit"/>
</testsuite> <!-- Scenario_country.Scenario_edit -->
