<?xml version="1.0" encoding="UTF-8"?>
<!-- Generated by org.testng.reporters.JUnitReportReporter -->
<testsuite hostname="DJ-PC" name="Scenario_flag.Scenario_del" tests="3" failures="0" timestamp="11 Dec 2015 09:55:51 GMT" time="46.591" errors="0">
  <testcase name="test_Invalid_delflag_blnk" time="14.434" classname="Scenario_flag.Scenario_del"/>
  <testcase name="test_valid_frstflag_del" time="14.778" classname="Scenario_flag.Scenario_del"/>
  <testcase name="test_valid_mul_del" time="17.379" classname="Scenario_flag.Scenario_del"/>
</testsuite> <!-- Scenario_flag.Scenario_del -->
