<?xml version="1.0" encoding="UTF-8"?>
<!-- Generated by org.testng.reporters.JUnitReportReporter -->
<testsuite hostname="DJ-PC" name="Scenario_Employ_qual.Scenario_create" tests="3" failures="0" timestamp="11 Dec 2015 09:55:51 GMT" time="59.270" errors="0">
  <testcase name="test_Invalidqual_blnk" time="17.857" classname="Scenario_Employ_qual.Scenario_create"/>
  <testcase name="test_Validqual" time="21.437" classname="Scenario_Employ_qual.Scenario_create"/>
  <testcase name="test_Invalidqual" time="19.976" classname="Scenario_Employ_qual.Scenario_create"/>
</testsuite> <!-- Scenario_Employ_qual.Scenario_create -->
