<?xml version="1.0" encoding="UTF-8"?>
<!-- Generated by org.testng.reporters.JUnitReportReporter -->
<testsuite hostname="DJ-PC" name="Scenario_asset_status.Scenario_create" tests="3" failures="0" timestamp="14 Jan 2016 06:52:54 GMT" time="56.951" errors="0">
  <testcase name="Valid_asset_status_test" time="22.855" classname="Scenario_asset_status.Scenario_create"/>
  <testcase name="Invalid_asset_status_test" time="17.438" classname="Scenario_asset_status.Scenario_create"/>
  <testcase name="Invalid_asset_status_test_blnk" time="16.658" classname="Scenario_asset_status.Scenario_create"/>
</testsuite> <!-- Scenario_asset_status.Scenario_create -->
