<?xml version="1.0" encoding="UTF-8"?>
<!-- Generated by org.testng.reporters.JUnitReportReporter -->
<testsuite hostname="DJ-PC" name="Scenario_Asset_class.Scenario_del" tests="3" failures="0" timestamp="28 Dec 2015 12:04:01 GMT" time="51.964" errors="0">
  <testcase name="Invalid_delete_blnk" time="17.313" classname="Scenario_Asset_class.Scenario_del"/>
  <testcase name="Valid_mul_del" time="18.957" classname="Scenario_Asset_class.Scenario_del"/>
  <testcase name="valid_frst_asset_del" time="15.694" classname="Scenario_Asset_class.Scenario_del"/>
</testsuite> <!-- Scenario_Asset_class.Scenario_del -->
