<?xml version="1.0" encoding="UTF-8"?>
<!-- Generated by org.testng.reporters.JUnitReportReporter -->
<testsuite hostname="DJ-PC" name="Scenario_Employ_depart.Scenario_edit" tests="3" failures="0" timestamp="11 Dec 2015 09:55:51 GMT" time="59.266" errors="0">
  <testcase name="Invalid_departname_test_blnk" time="17.655" classname="Scenario_Employ_depart.Scenario_edit"/>
  <testcase name="Valid_depart_test" time="24.796" classname="Scenario_Employ_depart.Scenario_edit"/>
  <testcase name="Invalid_departname_test" time="16.815" classname="Scenario_Employ_depart.Scenario_edit"/>
</testsuite> <!-- Scenario_Employ_depart.Scenario_edit -->
