<?xml version="1.0" encoding="UTF-8"?>
<!-- Generated by org.testng.reporters.JUnitReportReporter -->
<testsuite hostname="DJ-PC" name="Scenario_region.Scenario_create" tests="3" failures="0" timestamp="11 Dec 2015 09:55:51 GMT" time="54.083" errors="0">
  <testcase name="test_Validcriti" time="20.817" classname="Scenario_region.Scenario_create"/>
  <testcase name="test_Invalidcriti_blnk" time="16.512" classname="Scenario_region.Scenario_create"/>
  <testcase name="test_Invalidinvoice" time="16.754" classname="Scenario_region.Scenario_create"/>
</testsuite> <!-- Scenario_region.Scenario_create -->
