<?xml version="1.0" encoding="UTF-8"?>
<!-- Generated by org.testng.reporters.JUnitReportReporter -->
<testsuite hostname="DJ-PC" name="Scenario_CP_Role.Scenario_del" tests="3" failures="0" timestamp="15 Dec 2015 07:26:25 GMT" time="47.053" errors="0">
  <testcase name="test_Invalid_delRole_blnk" time="15.348" classname="Scenario_CP_Role.Scenario_del"/>
  <testcase name="test_valid_frstRole_del" time="15.257" classname="Scenario_CP_Role.Scenario_del"/>
  <testcase name="test_valid_mul_del" time="16.448" classname="Scenario_CP_Role.Scenario_del"/>
</testsuite> <!-- Scenario_CP_Role.Scenario_del -->
