<?xml version="1.0" encoding="UTF-8"?>
<!-- Generated by org.testng.reporters.JUnitReportReporter -->
<testsuite hostname="DJ-PC" name="Scenario_Employ_qual.Scenario_edit" tests="3" failures="0" timestamp="11 Dec 2015 09:55:51 GMT" time="54.325" errors="0">
  <testcase name="test_Invalidqual_blnk" time="16.854" classname="Scenario_Employ_qual.Scenario_edit"/>
  <testcase name="test_Validqual" time="20.348" classname="Scenario_Employ_qual.Scenario_edit"/>
  <testcase name="test_Invalidqual" time="17.123" classname="Scenario_Employ_qual.Scenario_edit"/>
</testsuite> <!-- Scenario_Employ_qual.Scenario_edit -->
