<?xml version="1.0" encoding="UTF-8"?>
<!-- Generated by org.testng.reporters.JUnitReportReporter -->
<testsuite hostname="DJ-PC" name="Scenario_component.Scenario_edit_curr" tests="3" failures="0" timestamp="16 Nov 2015 07:21:43 GMT" time="64.033" errors="0">
  <testcase name="test_Validedit_curr" time="22.494" classname="Scenario_component.Scenario_edit_curr"/>
  <testcase name="test_Invalideditcurr" time="20.083" classname="Scenario_component.Scenario_edit_curr"/>
  <testcase name="test_Invalid_editcurr_blnk" time="21.456" classname="Scenario_component.Scenario_edit_curr"/>
</testsuite> <!-- Scenario_component.Scenario_edit_curr -->
