<?xml version="1.0" encoding="UTF-8"?>
<!-- Generated by org.testng.reporters.JUnitReportReporter -->
<testsuite hostname="DJ-PC" name="Scenario_city.Scenario_del" tests="3" failures="0" timestamp="11 Dec 2015 09:55:51 GMT" time="51.104" errors="0">
  <testcase name="test_valid_frstcurr_del" time="16.622" classname="Scenario_city.Scenario_del"/>
  <testcase name="test_Invalid_editcurr_blnk" time="15.271" classname="Scenario_city.Scenario_del"/>
  <testcase name="test_valid_mul_del" time="19.211" classname="Scenario_city.Scenario_del"/>
</testsuite> <!-- Scenario_city.Scenario_del -->
