<?xml version="1.0" encoding="UTF-8"?>
<!-- Generated by org.testng.reporters.JUnitReportReporter -->
<testsuite hostname="DJ-PC" name="Scenario_employee.Scenario_edit" tests="4" failures="0" timestamp="11 Dec 2015 09:55:51 GMT" time="87.206" errors="0">
  <testcase name="Valid_brnch_test" time="34.378" classname="Scenario_employee.Scenario_edit"/>
  <testcase name="Invalid_login_id_test_blnk" time="18.137" classname="Scenario_employee.Scenario_edit"/>
  <testcase name="Invalid_empcode_test_blnk" time="18.399" classname="Scenario_employee.Scenario_edit"/>
  <testcase name="Invalid_firstname_test_blnk" time="16.292" classname="Scenario_employee.Scenario_edit"/>
</testsuite> <!-- Scenario_employee.Scenario_edit -->
