<?xml version="1.0" encoding="UTF-8"?>
<!-- Generated by org.testng.reporters.JUnitReportReporter -->
<testsuite hostname="DJ-PC" name="Scenario_contractor.Scenario_edit" tests="3" failures="0" timestamp="11 Dec 2015 09:55:51 GMT" time="58.026" errors="0">
  <testcase name="test_Validcriti" time="26.001" classname="Scenario_contractor.Scenario_edit"/>
  <testcase name="test_Invalidcriti_blnk" time="15.563" classname="Scenario_contractor.Scenario_edit"/>
  <testcase name="test_Invalidcriti" time="16.462" classname="Scenario_contractor.Scenario_edit"/>
</testsuite> <!-- Scenario_contractor.Scenario_edit -->
