<?xml version="1.0" encoding="UTF-8"?>
<!-- Generated by org.testng.reporters.JUnitReportReporter -->
<testsuite hostname="DJ-PC" name="Scenario_Profile.Scenario_create" tests="2" failures="0" timestamp="5 Jan 2016 07:15:15 GMT" time="35.736" errors="0">
  <testcase name="Invalid_pro_test_blnk" time="18.306" classname="Scenario_Profile.Scenario_create"/>
  <testcase name="Valid_pro_test" time="17.430" classname="Scenario_Profile.Scenario_create"/>
</testsuite> <!-- Scenario_Profile.Scenario_create -->
