<?xml version="1.0" encoding="UTF-8"?>
<!-- Generated by org.testng.reporters.JUnitReportReporter -->
<testsuite hostname="DJ-PC" name="Scenario_shift.Scenario_del" tests="3" failures="0" timestamp="11 Dec 2015 09:55:51 GMT" time="49.607" errors="0">
  <testcase name="test_valid_mul_del" time="19.819" classname="Scenario_shift.Scenario_del"/>
  <testcase name="test_valid_frstcountry_del" time="15.480" classname="Scenario_shift.Scenario_del"/>
  <testcase name="test_Invalid_delcountry_blnk" time="14.308" classname="Scenario_shift.Scenario_del"/>
</testsuite> <!-- Scenario_shift.Scenario_del -->
