<?xml version="1.0" encoding="UTF-8"?>
<!-- Generated by org.testng.reporters.JUnitReportReporter -->
<testsuite hostname="DJ-PC" name="Scenario_acc_class.Scenario_del" tests="3" failures="0" timestamp="4 Jan 2016 05:41:20 GMT" time="51.467" errors="0">
  <testcase name="Invalid_delete_blnk" time="16.194" classname="Scenario_acc_class.Scenario_del"/>
  <testcase name="Valid_first_acc_class_delete" time="16.609" classname="Scenario_acc_class.Scenario_del"/>
  <testcase name="Valid_mul_acc_class_del" time="18.664" classname="Scenario_acc_class.Scenario_del"/>
</testsuite> <!-- Scenario_acc_class.Scenario_del -->
