<?xml version="1.0" encoding="UTF-8"?>
<!-- Generated by org.testng.reporters.JUnitReportReporter -->
<testsuite hostname="DJ-PC" name="Scenario_acc_class.Scenario_create" tests="3" failures="0" timestamp="30 Dec 2015 07:07:45 GMT" time="63.772" errors="0">
  <testcase name="Invalid_acc_class_test_blnk" time="17.463" classname="Scenario_acc_class.Scenario_create"/>
  <testcase name="Invalid_acc_class_name_test" time="20.877" classname="Scenario_acc_class.Scenario_create"/>
  <testcase name="Valid_acc_class_test" time="25.432" classname="Scenario_acc_class.Scenario_create"/>
</testsuite> <!-- Scenario_acc_class.Scenario_create -->
