<?xml version="1.0" encoding="UTF-8"?>
<!-- Generated by org.testng.reporters.JUnitReportReporter -->
<testsuite hostname="DJ-PC" name="Scenario_asset_status.Scenario_del" tests="3" failures="0" timestamp="14 Jan 2016 07:25:12 GMT" time="50.557" errors="0">
  <testcase name="Invalid_delete_blnk" time="16.769" classname="Scenario_asset_status.Scenario_del"/>
  <testcase name="valid_frst_asset_status_del" time="15.849" classname="Scenario_asset_status.Scenario_del"/>
  <testcase name="Valid_mul_asset_status_del" time="17.939" classname="Scenario_asset_status.Scenario_del"/>
</testsuite> <!-- Scenario_asset_status.Scenario_del -->
