<?xml version="1.0" encoding="UTF-8"?>
<!-- Generated by org.testng.reporters.JUnitReportReporter -->
<testsuite hostname="DJ-PC" name="Scenario_Profile.Scenario_edit" tests="2" failures="0" timestamp="21 Dec 2015 09:16:46 GMT" time="47.953" errors="0">
  <testcase name="Invalid_privi_test_blnk" time="23.809" classname="Scenario_Profile.Scenario_edit"/>
  <testcase name="Valid_privi_test" time="24.144" classname="Scenario_Profile.Scenario_edit"/>
</testsuite> <!-- Scenario_Profile.Scenario_edit -->
