<?xml version="1.0" encoding="UTF-8"?>
<!-- Generated by org.testng.reporters.JUnitReportReporter -->
<testsuite hostname="DJ-PC" name="Scenario_Employ_desig.Scenario_create" tests="5" failures="0" timestamp="11 Dec 2015 09:55:51 GMT" time="86.641" errors="0">
  <testcase name="Invalid_desigcode_test_blnk" time="16.019" classname="Scenario_Employ_desig.Scenario_create"/>
  <testcase name="test_Validcriti" time="16.507" classname="Scenario_Employ_desig.Scenario_create"/>
  <testcase name="Valid_region_test" time="22.534" classname="Scenario_Employ_desig.Scenario_create"/>
  <testcase name="Invalid_desigcode_test" time="15.671" classname="Scenario_Employ_desig.Scenario_create"/>
  <testcase name="Invalid_designame_test" time="15.910" classname="Scenario_Employ_desig.Scenario_create"/>
</testsuite> <!-- Scenario_Employ_desig.Scenario_create -->
