<?xml version="1.0" encoding="UTF-8"?>
<!-- Generated by org.testng.reporters.JUnitReportReporter -->
<testsuite hostname="DJ-PC" name="Scenario_Employ_depart.Scenario_del" tests="3" failures="0" timestamp="11 Dec 2015 09:55:51 GMT" time="53.840" errors="0">
  <testcase name="test_Invalid_delemploy_desig_blnk" time="18.643" classname="Scenario_Employ_depart.Scenario_del"/>
  <testcase name="test_valid_mul_del" time="19.818" classname="Scenario_Employ_depart.Scenario_del"/>
  <testcase name="test_valid_frstemploy_desig_del" time="15.379" classname="Scenario_Employ_depart.Scenario_del"/>
</testsuite> <!-- Scenario_Employ_depart.Scenario_del -->
