<?xml version="1.0" encoding="UTF-8"?>
<!-- Generated by org.testng.reporters.JUnitReportReporter -->
<testsuite hostname="DJ-PC" name="Scenario_currency.Scenario_edit_curr" tests="3" failures="0" timestamp="2 Feb 2016 10:12:14 GMT" time="47.763" errors="0">
  <testcase name="test_Invalid_editcurr_blnk" time="14.608" classname="Scenario_currency.Scenario_edit_curr"/>
  <testcase name="test_Invalideditcurr" time="14.189" classname="Scenario_currency.Scenario_edit_curr"/>
  <testcase name="test_Validedit_curr" time="18.966" classname="Scenario_currency.Scenario_edit_curr"/>
</testsuite> <!-- Scenario_currency.Scenario_edit_curr -->
