<?xml version="1.0" encoding="UTF-8"?>
<!-- Generated by org.testng.reporters.JUnitReportReporter -->
<testsuite hostname="DJ-PC" name="Scenario_currency.Scenario_del" tests="3" failures="0" timestamp="2 Feb 2016 12:28:44 GMT" time="49.790" errors="0">
  <testcase name="test_valid_mul_del" time="16.920" classname="Scenario_currency.Scenario_del"/>
  <testcase name="test_valid_frstcurr_del" time="16.302" classname="Scenario_currency.Scenario_del"/>
  <testcase name="test_Invalid_editcurr_blnk" time="16.568" classname="Scenario_currency.Scenario_del"/>
</testsuite> <!-- Scenario_currency.Scenario_del -->
