<?xml version="1.0" encoding="UTF-8"?>
<!-- Generated by org.testng.reporters.JUnitReportReporter -->
<testsuite hostname="DJ-PC" name="Scenario_invoice.Scenario_create" tests="3" failures="0" timestamp="2 Feb 2016 10:25:03 GMT" time="66.638" errors="0">
  <testcase name="test_Invalidcriti_blnk" time="20.584" classname="Scenario_invoice.Scenario_create"/>
  <testcase name="test_Invalidinvoice" time="18.992" classname="Scenario_invoice.Scenario_create"/>
  <testcase name="test_Validcriti" time="27.062" classname="Scenario_invoice.Scenario_create"/>
</testsuite> <!-- Scenario_invoice.Scenario_create -->
