<?xml version="1.0" encoding="UTF-8"?>
<!-- Generated by org.testng.reporters.JUnitReportReporter -->
<testsuite hostname="DJ-PC" name="Scenario_invoice.Scenario_edit" tests="3" failures="0" timestamp="2 Feb 2016 12:28:44 GMT" time="62.305" errors="0">
  <testcase name="Invalid_edit" time="15.228" classname="Scenario_invoice.Scenario_edit"/>
  <testcase name="Valid_edit" time="31.777" classname="Scenario_invoice.Scenario_edit"/>
  <testcase name="Invalid_edit_blnk" time="15.300" classname="Scenario_invoice.Scenario_edit"/>
</testsuite> <!-- Scenario_invoice.Scenario_edit -->
