<?xml version="1.0" encoding="UTF-8"?>
<!-- Generated by org.testng.reporters.JUnitReportReporter -->
<testsuite hostname="DJ-PC" name="Scenario_invoice.Scenario_edit" tests="3" failures="0" timestamp="2 Feb 2016 11:11:41 GMT" time="49.696" errors="0">
  <testcase name="test_Invalidcriti_blnk" time="13.552" classname="Scenario_invoice.Scenario_edit"/>
  <testcase name="test_Validcriti" time="20.337" classname="Scenario_invoice.Scenario_edit"/>
  <testcase name="test_Invalidcriti" time="15.807" classname="Scenario_invoice.Scenario_edit"/>
</testsuite> <!-- Scenario_invoice.Scenario_edit -->
