<?xml version="1.0" encoding="UTF-8"?>
<!-- Generated by org.testng.reporters.JUnitReportReporter -->
<testsuite hostname="DJ-PC" name="Scenario_currency.Scenario_curr" tests="1" failures="0" timestamp="2 Feb 2016 12:28:44 GMT" time="24.096" errors="0">
  <testcase name="Invalid_curr_test_blnk" time="24.096" classname="Scenario_currency.Scenario_curr"/>
</testsuite> <!-- Scenario_currency.Scenario_curr -->
