<?xml version="1.0" encoding="UTF-8"?>
<!-- Generated by org.testng.reporters.JUnitReportReporter -->
<testsuite hostname="DJ-PC" name="Scenario_criticality.Scenario_del" tests="2" failures="0" timestamp="2 Feb 2016 12:28:44 GMT" time="31.059" errors="0">
  <testcase name="test_Invalid_editcurr_blnk" time="14.485" classname="Scenario_criticality.Scenario_del"/>
  <testcase name="test_valid_mul_del" time="16.574" classname="Scenario_criticality.Scenario_del"/>
</testsuite> <!-- Scenario_criticality.Scenario_del -->
