<?xml version="1.0" encoding="UTF-8"?>
<!-- Generated by org.testng.reporters.JUnitReportReporter -->
<testsuite hostname="DJ-PC" name="Scenario_invoice.Scenario_edit" tests="3" failures="0" timestamp="2 Feb 2016 10:12:14 GMT" time="58.259" errors="0">
  <testcase name="test_Invalidcriti" time="19.258" classname="Scenario_invoice.Scenario_edit"/>
  <testcase name="test_Validcriti" time="22.559" classname="Scenario_invoice.Scenario_edit"/>
  <testcase name="test_Invalidcriti_blnk" time="16.442" classname="Scenario_invoice.Scenario_edit"/>
</testsuite> <!-- Scenario_invoice.Scenario_edit -->
