<?xml version="1.0" encoding="UTF-8"?>
<!-- Generated by org.testng.reporters.JUnitReportReporter -->
<testsuite hostname="DJ-PC" name="Scenario_invoice.Scenario_create" tests="3" failures="0" timestamp="2 Feb 2016 10:12:14 GMT" time="59.008" errors="0">
  <testcase name="test_Invalidinvoice" time="16.488" classname="Scenario_invoice.Scenario_create"/>
  <testcase name="test_Validcriti" time="22.387" classname="Scenario_invoice.Scenario_create"/>
  <testcase name="test_Invalidcriti_blnk" time="20.133" classname="Scenario_invoice.Scenario_create"/>
</testsuite> <!-- Scenario_invoice.Scenario_create -->
