<?xml version="1.0" encoding="UTF-8"?>
<!-- Generated by org.testng.reporters.JUnitReportReporter -->
<testsuite hostname="DJ-PC" name="Scenario_invoice.Scenario_create" tests="3" failures="0" timestamp="2 Feb 2016 12:28:44 GMT" time="51.000" errors="0">
  <testcase name="Invalid_invoice_test" time="17.490" classname="Scenario_invoice.Scenario_create"/>
  <testcase name="Invalid_invoice_test_blnk" time="14.747" classname="Scenario_invoice.Scenario_create"/>
  <testcase name="Valid_invoice_test" time="18.763" classname="Scenario_invoice.Scenario_create"/>
</testsuite> <!-- Scenario_invoice.Scenario_create -->
