<?xml version="1.0" encoding="UTF-8"?>
<!-- Generated by org.testng.reporters.JUnitReportReporter -->
<testsuite hostname="DJ-PC" name="Scenario_criticality.Scenario_create" tests="3" failures="0" timestamp="2 Feb 2016 12:28:44 GMT" time="129.770" errors="0">
  <testcase name="test_Invalidcurr" time="54.362" classname="Scenario_criticality.Scenario_create"/>
  <testcase name="test_Invalidcriti_blnk" time="55.690" classname="Scenario_criticality.Scenario_create"/>
  <testcase name="test_Validcriti" time="19.718" classname="Scenario_criticality.Scenario_create"/>
</testsuite> <!-- Scenario_criticality.Scenario_create -->
