<?xml version="1.0" encoding="UTF-8"?>
<!-- Generated by org.testng.reporters.JUnitReportReporter -->
<testsuite hostname="DJ-PC" name="Scenario_criticality.Scenario_edit" tests="3" failures="0" timestamp="2 Feb 2016 12:28:44 GMT" time="44.160" errors="0">
  <testcase name="test_Invalidcriti_blnk" time="13.218" classname="Scenario_criticality.Scenario_edit"/>
  <testcase name="test_Invalidcriti" time="14.626" classname="Scenario_criticality.Scenario_edit"/>
  <testcase name="test_Validcriti" time="16.316" classname="Scenario_criticality.Scenario_edit"/>
</testsuite> <!-- Scenario_criticality.Scenario_edit -->
