<?xml version="1.0" encoding="UTF-8"?>
<!-- Generated by org.testng.reporters.JUnitReportReporter -->
<testsuite hostname="DJ-PC" name="Scenario_criticality.Scenario_edit" tests="3" failures="0" timestamp="2 Feb 2016 10:12:14 GMT" time="49.200" errors="0">
  <testcase name="test_Invalidcriti" time="15.610" classname="Scenario_criticality.Scenario_edit"/>
  <testcase name="test_Invalidcriti_blnk" time="14.803" classname="Scenario_criticality.Scenario_edit"/>
  <testcase name="test_Validcriti" time="18.787" classname="Scenario_criticality.Scenario_edit"/>
</testsuite> <!-- Scenario_criticality.Scenario_edit -->
