<?xml version="1.0" encoding="UTF-8"?>
<!-- Generated by org.testng.reporters.JUnitReportReporter -->
<testsuite hostname="DJ-PC" name="Scenario_currency.Scenario_curr" tests="1" failures="0" timestamp="21 Jan 2016 09:07:20 GMT" time="16.233" errors="0">
  <testcase name="Invalid_curr_test_blnk" time="16.233" classname="Scenario_currency.Scenario_curr"/>
</testsuite> <!-- Scenario_currency.Scenario_curr -->
